2024-07-05 11:30:37 /home ::1
2024-07-05 11:30:38 /home ::1
2024-07-05 11:30:38 /home ::1
2024-07-05 11:30:38 /home ::1
2024-07-05 11:30:38 /home ::1
2024-07-05 11:30:39 /home ::1
2024-07-05 11:30:52 /home ::1
2024-07-05 11:30:52 /home ::1
2024-07-05 11:34:44 /login ::1
2024-07-05 11:34:44 /favicon.ico ::1
2024-07-05 11:34:47 /reg ::1
2024-07-05 11:34:47 /favicon.ico ::1
2024-07-05 11:34:50 /home ::1
2024-07-05 11:34:50 /favicon.ico ::1
2024-07-05 11:34:52 / ::1
2024-07-05 11:34:52 /favicon.ico ::1
2024-07-05 11:34:53 / ::1
2024-07-05 11:34:53 /favicon.ico ::1
2024-07-05 11:34:53 / ::1
2024-07-05 11:34:53 /favicon.ico ::1
2024-07-05 11:34:53 / ::1
2024-07-05 11:34:53 /favicon.ico ::1
2024-07-05 11:36:18 /aa ::1
2024-07-05 11:36:19 /favicon.ico ::1
2024-07-05 11:36:28 / ::1
2024-07-05 11:36:28 /favicon.ico ::1
2024-07-05 11:44:41 /oooo ::1
2024-07-05 11:44:41 /favicon.ico ::1
2024-07-05 11:45:11 /PPP ::1
2024-07-05 11:45:11 /favicon.ico ::1
2024-07-05 11:45:14 /asdfkj ::1
2024-07-05 11:45:14 /favicon.ico ::1
2024-07-05 11:53:16 / ::1
2024-07-05 11:53:16 /favicon.ico ::1
2024-07-05 11:53:23 /home ::1
2024-07-05 11:53:23 /favicon.ico ::1
2024-07-05 11:53:27 /admin ::1
2024-07-05 11:53:27 /favicon.ico ::1
2024-07-05 11:53:48 /admin ::1
2024-07-05 11:53:48 /favicon.ico ::1
2024-07-05 11:53:53 /settings ::1
2024-07-05 11:53:53 /favicon.ico ::1
2024-07-05 11:53:58 / ::1
2024-07-05 11:53:58 /favicon.ico ::1
2024-07-05 11:54:05 /settings ::1
2024-07-05 11:54:05 /favicon.ico ::1
2024-07-05 11:54:19 /home ::1
2024-07-05 11:54:19 /favicon.ico ::1
2024-07-05 11:54:39 /admin ::1
2024-07-05 11:54:40 /favicon.ico ::1
2024-07-05 11:55:38 / ::1
2024-07-05 11:55:38 /favicon.ico ::1
2024-07-05 11:55:42 /settings ::1
2024-07-05 11:55:42 /favicon.ico ::1
