2024-07-05 11:44:41 /oooo ::1 404 error 
2024-07-05 11:44:41 /favicon.ico ::1 404 error 
2024-07-05 11:45:11 /PPP ::1 404 error 
2024-07-05 11:45:11 /favicon.ico ::1 404 error 
2024-07-05 11:45:14 /asdfkj ::1 404 error 
2024-07-05 11:45:14 /favicon.ico ::1 404 error 
2024-07-05 11:53:16 /favicon.ico ::1 404 error 
2024-07-05 11:53:23 /favicon.ico ::1 404 error 
2024-07-05 11:53:27 /admin ::1 404 error 
2024-07-05 11:53:27 /favicon.ico ::1 404 error 
2024-07-05 11:53:48 /admin ::1 404 error 
2024-07-05 11:53:48 /favicon.ico ::1 404 error 
2024-07-05 11:53:53 /settings ::1 404 error 
2024-07-05 11:53:53 /favicon.ico ::1 404 error 
2024-07-05 11:53:58 /favicon.ico ::1 404 error 
2024-07-05 11:54:05 /settings ::1 404 error 
2024-07-05 11:54:05 /favicon.ico ::1 404 error 
2024-07-05 11:54:19 /favicon.ico ::1 404 error 
2024-07-05 11:54:39 /admin ::1 404 error 
2024-07-05 11:54:40 /favicon.ico ::1 404 error 
2024-07-05 11:55:38 /favicon.ico ::1 404 error 
2024-07-05 11:55:42 /settings ::1 404 error 
2024-07-05 11:55:42 /favicon.ico ::1 404 error 
